<?xml version="1.0" encoding="UTF-8"?>
<testng-results skipped="0" failed="0" ignored="0" total="1" passed="1">
  <reporter-output>
  </reporter-output>
  <suite name="Default Suite" duration-ms="23840" started-at="2021-05-28T16:31:04 IST" finished-at="2021-05-28T16:31:28 IST">
    <groups>
    </groups>
    <test name="MavenAutomationProject" duration-ms="23840" started-at="2021-05-28T16:31:04 IST" finished-at="2021-05-28T16:31:28 IST">
      <class name="com.bridgelabz.selenium.test.TestCases">
        <test-method status="PASS" signature="setup()[pri:0, instance:com.bridgelabz.selenium.test.TestCases@31610302]" name="setup" is-config="true" duration-ms="16536" started-at="2021-05-28T16:31:04 IST" finished-at="2021-05-28T16:31:21 IST">
          <reporter-output>
          </reporter-output>
        </test-method> <!-- setup -->
        <test-method status="PASS" signature="search_Item()[pri:1, instance:com.bridgelabz.selenium.test.TestCases@31610302]" name="search_Item" duration-ms="6776" started-at="2021-05-28T16:31:21 IST" finished-at="2021-05-28T16:31:28 IST">
          <reporter-output>
          </reporter-output>
        </test-method> <!-- search_Item -->
        <test-method status="PASS" signature="tearDown()[pri:0, instance:com.bridgelabz.selenium.test.TestCases@31610302]" name="tearDown" is-config="true" duration-ms="469" started-at="2021-05-28T16:31:28 IST" finished-at="2021-05-28T16:31:28 IST">
          <reporter-output>
          </reporter-output>
        </test-method> <!-- tearDown -->
      </class> <!-- com.bridgelabz.selenium.test.TestCases -->
    </test> <!-- MavenAutomationProject -->
  </suite> <!-- Default Suite -->
</testng-results>
